2020-04-18 23:45:23.095  INFO 12876 --- [main] c.mgyh.supermaket.SupermaketApplication  : Starting SupermaketApplication on DESKTOP-3DRCUB4 with PID 12876 (E:\bishe\supermaket\build\classes\java\main started by MGYH in E:\bishe\supermaket)
2020-04-18 23:45:23.099  INFO 12876 --- [main] c.mgyh.supermaket.SupermaketApplication  : No active profile set, falling back to default profiles: default
2020-04-18 23:45:24.312  INFO 12876 --- [main] .s.d.r.c.RepositoryConfigurationDelegate : Bootstrapping Spring Data repositories in DEFAULT mode.
2020-04-18 23:45:24.408  INFO 12876 --- [main] .s.d.r.c.RepositoryConfigurationDelegate : Finished Spring Data repository scanning in 84ms. Found 3 repository interfaces.
2020-04-18 23:45:24.975  INFO 12876 --- [main] trationDelegate$BeanPostProcessorChecker : Bean 'org.springframework.transaction.annotation.ProxyTransactionManagementConfiguration' of type [org.springframework.transaction.annotation.ProxyTransactionManagementConfiguration] is not eligible for getting processed by all BeanPostProcessors (for example: not eligible for auto-proxying)
2020-04-18 23:45:26.254  INFO 12876 --- [main] o.s.b.w.embedded.tomcat.TomcatWebServer  : Tomcat initialized with port(s): 8070 (http)
2020-04-18 23:45:26.274  INFO 12876 --- [main] o.apache.catalina.core.StandardService   : Starting service [Tomcat]
2020-04-18 23:45:26.275  INFO 12876 --- [main] org.apache.catalina.core.StandardEngine  : Starting Servlet engine: [Apache Tomcat/9.0.27]
2020-04-18 23:45:26.594  INFO 12876 --- [main] o.a.c.c.C.[Tomcat].[localhost].[/]       : Initializing Spring embedded WebApplicationContext
2020-04-18 23:45:26.594  INFO 12876 --- [main] o.s.web.context.ContextLoader            : Root WebApplicationContext: initialization completed in 3406 ms
2020-04-18 23:45:27.060  INFO 12876 --- [main] o.hibernate.jpa.internal.util.LogHelper  : HHH000204: Processing PersistenceUnitInfo [
	name: default
	...]
2020-04-18 23:45:27.146  INFO 12876 --- [main] org.hibernate.Version                    : HHH000412: Hibernate Core {5.2.0.Final}
2020-04-18 23:45:27.147  INFO 12876 --- [main] org.hibernate.cfg.Environment            : HHH000206: hibernate.properties not found
2020-04-18 23:45:27.149  INFO 12876 --- [main] org.hibernate.cfg.Environment            : HHH000021: Bytecode provider name : javassist
2020-04-18 23:45:27.210  INFO 12876 --- [main] o.hibernate.annotations.common.Version   : HCANN000001: Hibernate Commons Annotations {5.0.1.Final}
2020-04-18 23:45:27.638  INFO 12876 --- [main] com.alibaba.druid.pool.DruidDataSource   : {dataSource-1} inited
2020-04-18 23:45:28.828  INFO 12876 --- [main] org.hibernate.dialect.Dialect            : HHH000400: Using dialect: org.hibernate.dialect.SQLServer2012Dialect
2020-04-18 23:45:30.577  INFO 12876 --- [main] j.LocalContainerEntityManagerFactoryBean : Initialized JPA EntityManagerFactory for persistence unit 'default'
2020-04-18 23:45:31.962  WARN 12876 --- [main] JpaBaseConfiguration$JpaWebConfiguration : spring.jpa.open-in-view is enabled by default. Therefore, database queries may be performed during view rendering. Explicitly configure spring.jpa.open-in-view to disable this warning
2020-04-18 23:45:32.194  INFO 12876 --- [main] o.s.s.concurrent.ThreadPoolTaskExecutor  : Initializing ExecutorService 'applicationTaskExecutor'
2020-04-18 23:45:32.461  WARN 12876 --- [main] ion$DefaultTemplateResolverConfiguration : Cannot find template location: classpath:/templates/ (please add some templates or check your Thymeleaf configuration)
2020-04-18 23:45:33.085  INFO 12876 --- [main] o.s.b.w.embedded.tomcat.TomcatWebServer  : Tomcat started on port(s): 8070 (http) with context path ''
2020-04-18 23:45:33.110  INFO 12876 --- [main] c.mgyh.supermaket.SupermaketApplication  : Started SupermaketApplication in 10.827 seconds (JVM running for 11.671)
